{"level":"info","message":"Initializing nodejs-rtorrent server.","timestamp":"2014-08-21T01:34:02.547Z"}
{"level":"info","message":"connecting to mongodb://localhost/nodejs-rtorrent","timestamp":"2014-08-21T01:34:07.707Z"}
{"level":"info","message":"Configuring default user","timestamp":"2014-08-21T01:34:07.711Z"}
{"level":"info","message":"Configuring express.","timestamp":"2014-08-21T01:34:07.795Z"}
{"level":"info","message":"Listening on hostname and port: localhost:3000","timestamp":"2014-08-21T01:34:10.077Z"}
{"0":{"display":"Up_16","name":"up_4","up":16,"down":0,"direction":"up"},"1":{"display":"Up_32","name":"up_3","up":32,"down":0,"direction":"up"},"2":{"display":"Up_64","name":"up_2","up":64,"down":0,"direction":"up"},"3":{"display":"Up_128","name":"up_1","up":128,"down":0,"direction":"up"},"4":{"display":"Up_256","name":"up_0","up":256,"down":0,"direction":"up"},"5":{"display":"Down_16","name":"down_4","up":0,"down":16,"direction":"down"},"6":{"display":"Down_32","name":"down_3","up":0,"down":32,"direction":"down"},"7":{"display":"Down_64","name":"down_2","up":0,"down":64,"direction":"down"},"8":{"display":"Down_128","name":"down_1","up":0,"down":128,"direction":"down"},"9":{"display":"Down_256","name":"down_0","up":0,"down":256,"direction":"down"},"level":"info","message":"","timestamp":"2014-08-21T01:34:10.078Z"}
{"level":"info","message":"Finished initializing throttle speeds","timestamp":"2014-08-21T01:34:10.082Z"}
{"level":"info","message":"Successfully authenticated via token.","timestamp":"2014-08-21T01:34:14.063Z"}
{"level":"info","message":"Client's IP Address is: 127.0.0.1","timestamp":"2014-08-21T01:34:14.078Z"}
{"level":"info","message":"Checking if authenticated.","timestamp":"2014-08-21T01:34:14.079Z"}
{"level":"info","message":"Authenticated via token.","timestamp":"2014-08-21T01:34:14.079Z"}
{"level":"info","message":"successfully retrieved rss feeds","timestamp":"2014-08-21T01:34:14.083Z"}
{"level":"info","message":"successfully connected to socket","timestamp":"2014-08-21T01:34:15.288Z"}
{"level":"info","message":"starting torrent loop","timestamp":"2014-08-21T01:34:15.288Z"}
{"level":"info","message":"Client's IP Address is: 127.0.0.1","timestamp":"2014-08-21T01:41:45.774Z"}
{"level":"info","message":"Checking if authenticated.","timestamp":"2014-08-21T01:41:45.774Z"}
{"level":"info","message":"Authenticated via token.","timestamp":"2014-08-21T01:41:45.774Z"}
{"level":"info","message":"successfully retrieved rss feeds","timestamp":"2014-08-21T01:41:45.775Z"}
{"level":"info","message":"Client's IP Address is: 127.0.0.1","timestamp":"2014-08-21T01:41:56.133Z"}
{"level":"info","message":"Checking if authenticated.","timestamp":"2014-08-21T01:41:56.133Z"}
{"level":"info","message":"Authenticated via token.","timestamp":"2014-08-21T01:41:56.134Z"}
{"level":"info","message":"successfully retrieved rss feeds","timestamp":"2014-08-21T01:41:56.134Z"}
{"level":"info","message":"user disconnected","timestamp":"2014-08-21T02:24:22.862Z"}
{"level":"info","message":"Client's IP Address is: 127.0.0.1","timestamp":"2014-08-21T02:24:23.357Z"}
{"level":"info","message":"Checking if authenticated.","timestamp":"2014-08-21T02:24:23.358Z"}
{"level":"info","message":"Authenticated via token.","timestamp":"2014-08-21T02:24:23.358Z"}
{"level":"info","message":"successfully retrieved rss feeds","timestamp":"2014-08-21T02:24:23.360Z"}
{"level":"info","message":"Successfully authenticated via token.","timestamp":"2014-08-21T02:24:23.376Z"}
{"level":"info","message":"stopping torrent loop","timestamp":"2014-08-21T02:24:23.936Z"}
{"level":"info","message":"waiting on connection","timestamp":"2014-08-21T02:24:23.936Z"}
{"level":"info","message":"successfully connected to socket","timestamp":"2014-08-21T02:24:24.558Z"}
{"level":"info","message":"starting torrent loop","timestamp":"2014-08-21T02:24:24.559Z"}
{"level":"info","message":"Client's IP Address is: 127.0.0.1","timestamp":"2014-08-21T02:24:28.856Z"}
{"level":"info","message":"Checking if authenticated.","timestamp":"2014-08-21T02:24:28.856Z"}
{"level":"info","message":"Authenticated via token.","timestamp":"2014-08-21T02:24:28.857Z"}
{"level":"info","message":"successfully retrieved rss feeds","timestamp":"2014-08-21T02:24:28.858Z"}
{"level":"info","message":"user disconnected","timestamp":"2014-08-21T02:25:07.773Z"}
{"level":"info","message":"Successfully authenticated via token.","timestamp":"2014-08-21T02:25:08.358Z"}
{"level":"info","message":"stopping torrent loop","timestamp":"2014-08-21T02:25:08.689Z"}
{"level":"info","message":"waiting on connection","timestamp":"2014-08-21T02:25:08.689Z"}
{"level":"info","message":"successfully connected to socket","timestamp":"2014-08-21T02:25:09.582Z"}
{"level":"info","message":"starting torrent loop","timestamp":"2014-08-21T02:25:09.583Z"}
{"level":"info","message":"user disconnected","timestamp":"2014-08-21T02:26:55.464Z"}
{"level":"info","message":"stopping torrent loop","timestamp":"2014-08-21T02:26:55.894Z"}
{"level":"info","message":"waiting on connection","timestamp":"2014-08-21T02:26:55.894Z"}
{"level":"info","message":"Successfully authenticated via token.","timestamp":"2014-08-21T02:26:55.994Z"}
{"level":"info","message":"successfully connected to socket","timestamp":"2014-08-21T02:26:57.307Z"}
{"level":"info","message":"starting torrent loop","timestamp":"2014-08-21T02:26:57.308Z"}
{"level":"info","message":"user disconnected","timestamp":"2014-08-21T02:36:45.318Z"}
{"level":"info","message":"Successfully authenticated via token.","timestamp":"2014-08-21T02:36:45.955Z"}
{"level":"info","message":"stopping torrent loop","timestamp":"2014-08-21T02:36:47.249Z"}
{"level":"info","message":"waiting on connection","timestamp":"2014-08-21T02:36:47.250Z"}
{"level":"info","message":"successfully connected to socket","timestamp":"2014-08-21T02:36:47.251Z"}
{"level":"info","message":"starting torrent loop","timestamp":"2014-08-21T02:36:47.251Z"}
{"level":"info","message":"user disconnected","timestamp":"2014-08-21T02:37:18.633Z"}
{"level":"info","message":"Successfully authenticated via token.","timestamp":"2014-08-21T02:37:19.254Z"}
{"level":"info","message":"stopping torrent loop","timestamp":"2014-08-21T02:37:19.373Z"}
{"level":"info","message":"waiting on connection","timestamp":"2014-08-21T02:37:19.373Z"}
{"level":"info","message":"successfully connected to socket","timestamp":"2014-08-21T02:37:20.533Z"}
{"level":"info","message":"starting torrent loop","timestamp":"2014-08-21T02:37:20.533Z"}
{"level":"info","message":"user disconnected","timestamp":"2014-08-21T02:37:35.238Z"}
{"level":"info","message":"Successfully authenticated via token.","timestamp":"2014-08-21T02:37:35.927Z"}
{"level":"info","message":"stopping torrent loop","timestamp":"2014-08-21T02:37:36.606Z"}
{"level":"info","message":"waiting on connection","timestamp":"2014-08-21T02:37:36.606Z"}
{"level":"info","message":"successfully connected to socket","timestamp":"2014-08-21T02:37:37.182Z"}
{"level":"info","message":"starting torrent loop","timestamp":"2014-08-21T02:37:37.182Z"}
{"level":"info","message":"Client's IP Address is: 127.0.0.1","timestamp":"2014-08-21T02:37:45.379Z"}
{"level":"info","message":"Checking if authenticated.","timestamp":"2014-08-21T02:37:45.379Z"}
{"level":"info","message":"Authenticated via token.","timestamp":"2014-08-21T02:37:45.380Z"}
{"level":"info","message":"successfully retrieved rss feeds","timestamp":"2014-08-21T02:37:45.380Z"}
{"level":"info","message":"user disconnected","timestamp":"2014-08-21T02:37:47.817Z"}
{"level":"info","message":"Successfully authenticated via token.","timestamp":"2014-08-21T02:37:48.484Z"}
{"level":"info","message":"Client's IP Address is: 127.0.0.1","timestamp":"2014-08-21T02:37:48.495Z"}
{"level":"info","message":"Checking if authenticated.","timestamp":"2014-08-21T02:37:48.495Z"}
{"level":"info","message":"Authenticated via token.","timestamp":"2014-08-21T02:37:48.495Z"}
{"level":"info","message":"successfully retrieved rss feeds","timestamp":"2014-08-21T02:37:48.496Z"}
{"level":"info","message":"stopping torrent loop","timestamp":"2014-08-21T02:37:49.237Z"}
{"level":"info","message":"waiting on connection","timestamp":"2014-08-21T02:37:49.238Z"}
{"level":"info","message":"successfully connected to socket","timestamp":"2014-08-21T02:37:49.690Z"}
{"level":"info","message":"starting torrent loop","timestamp":"2014-08-21T02:37:49.690Z"}
{"level":"info","message":"user disconnected","timestamp":"2014-08-21T02:39:19.739Z"}
{"level":"info","message":"stopping torrent loop","timestamp":"2014-08-21T02:39:20.003Z"}
{"level":"info","message":"waiting on connection","timestamp":"2014-08-21T02:39:20.003Z"}
{"level":"info","message":"Successfully authenticated via token.","timestamp":"2014-08-21T02:39:20.377Z"}
{"level":"info","message":"successfully connected to socket","timestamp":"2014-08-21T02:39:21.703Z"}
{"level":"info","message":"starting torrent loop","timestamp":"2014-08-21T02:39:21.704Z"}
{"level":"info","message":"user disconnected","timestamp":"2014-08-21T02:41:33.405Z"}
{"level":"info","message":"Successfully authenticated via token.","timestamp":"2014-08-21T02:41:33.949Z"}
{"level":"info","message":"stopping torrent loop","timestamp":"2014-08-21T02:41:34.153Z"}
{"level":"info","message":"waiting on connection","timestamp":"2014-08-21T02:41:34.153Z"}
{"level":"info","message":"successfully connected to socket","timestamp":"2014-08-21T02:41:35.207Z"}
{"level":"info","message":"starting torrent loop","timestamp":"2014-08-21T02:41:35.207Z"}
{"level":"info","message":"Client's IP Address is: 127.0.0.1","timestamp":"2014-08-21T02:41:41.237Z"}
{"level":"info","message":"Checking if authenticated.","timestamp":"2014-08-21T02:41:41.238Z"}
{"level":"info","message":"Authenticated via token.","timestamp":"2014-08-21T02:41:41.238Z"}
{"level":"info","message":"successfully retrieved rss feeds","timestamp":"2014-08-21T02:41:41.239Z"}
{"level":"info","message":"Client's IP Address is: 127.0.0.1","timestamp":"2014-08-21T02:41:48.131Z"}
{"level":"info","message":"Checking if authenticated.","timestamp":"2014-08-21T02:41:48.132Z"}
{"level":"info","message":"Authenticated via token.","timestamp":"2014-08-21T02:41:48.132Z"}
{"level":"info","message":"successfully retrieved rss feeds","timestamp":"2014-08-21T02:41:48.133Z"}
{"level":"info","message":"Client's IP Address is: 127.0.0.1","timestamp":"2014-08-21T02:41:56.153Z"}
{"level":"info","message":"Checking if authenticated.","timestamp":"2014-08-21T02:41:56.153Z"}
{"level":"info","message":"Authenticated via token.","timestamp":"2014-08-21T02:41:56.153Z"}
{"level":"info","message":"successfully retrieved rss feeds","timestamp":"2014-08-21T02:41:56.154Z"}
{"level":"info","message":"user disconnected","timestamp":"2014-08-21T03:39:20.443Z"}
{"level":"info","message":"stopping torrent loop","timestamp":"2014-08-21T03:39:20.559Z"}
{"level":"info","message":"waiting on connection","timestamp":"2014-08-21T03:39:20.560Z"}
{"level":"info","message":"Successfully authenticated via token.","timestamp":"2014-08-21T03:39:21.047Z"}
{"level":"info","message":"successfully connected to socket","timestamp":"2014-08-21T03:39:22.323Z"}
{"level":"info","message":"starting torrent loop","timestamp":"2014-08-21T03:39:22.323Z"}
{"level":"info","message":"user disconnected","timestamp":"2014-08-21T03:39:37.252Z"}
{"level":"info","message":"Successfully authenticated via token.","timestamp":"2014-08-21T03:39:38.020Z"}
{"level":"info","message":"stopping torrent loop","timestamp":"2014-08-21T03:39:38.370Z"}
{"level":"info","message":"waiting on connection","timestamp":"2014-08-21T03:39:38.370Z"}
{"level":"info","message":"successfully connected to socket","timestamp":"2014-08-21T03:39:39.250Z"}
{"level":"info","message":"starting torrent loop","timestamp":"2014-08-21T03:39:39.250Z"}
{"level":"error","message":"Authentication token does not match.","timestamp":"2014-08-21T03:40:25.596Z"}
{"level":"info","message":"user disconnected","timestamp":"2014-08-21T03:40:26.935Z"}
{"level":"info","message":"stopping torrent loop","timestamp":"2014-08-21T03:40:27.419Z"}
{"level":"info","message":"waiting on connection","timestamp":"2014-08-21T03:40:27.420Z"}
{"level":"error","message":"Authentication token does not match.","timestamp":"2014-08-21T03:40:27.562Z"}
{"level":"error","message":"Authorization token does not exist.","timestamp":"2014-08-21T03:40:33.738Z"}
{"level":"error","message":"Authentication token does not match.","timestamp":"2014-08-21T03:40:34.382Z"}
{"level":"error","message":"Authorization token does not exist.","timestamp":"2014-08-21T03:41:12.479Z"}
{"level":"error","message":"Authentication token does not match.","timestamp":"2014-08-21T03:41:13.073Z"}
{"level":"error","message":"Authorization token does not exist.","timestamp":"2014-08-21T03:42:17.531Z"}
{"level":"error","message":"Authentication token does not match.","timestamp":"2014-08-21T03:42:18.167Z"}
{"level":"error","message":"Authentication token does not match.","timestamp":"2014-08-21T03:42:29.208Z"}
{"level":"error","message":"Authorization token does not exist.","timestamp":"2014-08-21T03:42:55.563Z"}
{"level":"error","message":"Authentication token does not match.","timestamp":"2014-08-21T03:42:56.188Z"}
{"level":"error","message":"Authorization token does not exist.","timestamp":"2014-08-21T03:43:40.784Z"}
{"level":"error","message":"Authentication token does not match.","timestamp":"2014-08-21T03:43:41.395Z"}
{"level":"error","message":"Authorization token does not exist.","timestamp":"2014-08-21T03:44:40.296Z"}
{"level":"error","message":"Authentication token does not match.","timestamp":"2014-08-21T03:44:40.878Z"}
{"level":"error","message":"Authorization token does not exist.","timestamp":"2014-08-21T03:44:43.540Z"}
{"level":"error","message":"Authentication token does not match.","timestamp":"2014-08-21T03:44:44.058Z"}
{"level":"error","message":"Authorization token does not exist.","timestamp":"2014-08-21T03:44:56.012Z"}
{"level":"error","message":"Authentication token does not match.","timestamp":"2014-08-21T03:44:56.592Z"}
{"level":"error","message":"Authorization token does not exist.","timestamp":"2014-08-21T03:46:25.450Z"}
{"level":"error","message":"Authentication token does not match.","timestamp":"2014-08-21T03:46:26.073Z"}
{"level":"info","message":"logging in","timestamp":"2014-08-21T03:46:34.786Z"}
{"level":"info","message":"something","timestamp":"2014-08-21T03:46:34.787Z"}
{"level":"info","message":"validating user","timestamp":"2014-08-21T03:46:34.789Z"}
{"level":"info","message":"trying to authenticate","timestamp":"2014-08-21T03:46:34.852Z"}
{"level":"info","message":"successfully logged in","timestamp":"2014-08-21T03:46:34.853Z"}
{"level":"info","message":"generating token","timestamp":"2014-08-21T03:46:34.853Z"}
{"level":"info","message":"user id is 53f34dec0e0ab0382f000003","timestamp":"2014-08-21T03:46:34.854Z"}
{"level":"info","message":"token will expire at 1408593094","timestamp":"2014-08-21T03:46:34.854Z"}
{"level":"info","message":"Successfully authenticated via token.","timestamp":"2014-08-21T03:46:34.865Z"}
{"level":"info","message":"successfully connected to socket","timestamp":"2014-08-21T03:46:35.870Z"}
{"level":"info","message":"starting torrent loop","timestamp":"2014-08-21T03:46:35.870Z"}
{"level":"info","message":"logging in","timestamp":"2014-08-21T03:46:38.261Z"}
{"level":"info","message":"something","timestamp":"2014-08-21T03:46:38.261Z"}
{"level":"info","message":"validating user","timestamp":"2014-08-21T03:46:38.263Z"}
{"level":"info","message":"trying to authenticate","timestamp":"2014-08-21T03:46:38.325Z"}
{"level":"info","message":"successfully logged in","timestamp":"2014-08-21T03:46:38.326Z"}
{"level":"info","message":"generating token","timestamp":"2014-08-21T03:46:38.326Z"}
{"level":"info","message":"user id is 53f34dec0e0ab0382f000003","timestamp":"2014-08-21T03:46:38.327Z"}
{"level":"info","message":"token will expire at 1408593098","timestamp":"2014-08-21T03:46:38.327Z"}
{"level":"info","message":"Successfully authenticated via token.","timestamp":"2014-08-21T03:46:38.343Z"}
{"level":"info","message":"successfully connected to socket","timestamp":"2014-08-21T03:46:39.343Z"}
{"level":"error","message":"Authorization token does not exist.","timestamp":"2014-08-21T03:47:07.210Z"}
{"level":"info","message":"user disconnected","timestamp":"2014-08-21T03:47:07.219Z"}
{"level":"info","message":"user disconnected","timestamp":"2014-08-21T03:47:07.227Z"}
{"level":"info","message":"Successfully authenticated via token.","timestamp":"2014-08-21T03:47:07.840Z"}
{"level":"info","message":"stopping torrent loop","timestamp":"2014-08-21T03:47:07.941Z"}
{"level":"info","message":"waiting on connection","timestamp":"2014-08-21T03:47:07.941Z"}
{"level":"info","message":"successfully connected to socket","timestamp":"2014-08-21T03:47:09.148Z"}
{"level":"info","message":"starting torrent loop","timestamp":"2014-08-21T03:47:09.148Z"}
{"level":"info","message":"user disconnected","timestamp":"2014-08-21T03:47:21.728Z"}
{"level":"error","message":"Authentication token does not match.","timestamp":"2014-08-21T03:47:22.323Z"}
{"level":"info","message":"stopping torrent loop","timestamp":"2014-08-21T03:47:23.187Z"}
{"level":"info","message":"waiting on connection","timestamp":"2014-08-21T03:47:23.187Z"}
{"level":"error","message":"Authorization token does not exist.","timestamp":"2014-08-21T03:47:24.774Z"}
{"level":"error","message":"Authentication token does not match.","timestamp":"2014-08-21T03:47:25.399Z"}
{"level":"error","message":"Authorization token does not exist.","timestamp":"2014-08-21T03:47:39.993Z"}
{"level":"error","message":"Authentication token does not match.","timestamp":"2014-08-21T03:47:40.646Z"}
{"level":"error","message":"Authorization token does not exist.","timestamp":"2014-08-21T03:48:05.649Z"}
{"level":"error","message":"Authentication token does not match.","timestamp":"2014-08-21T03:48:06.171Z"}
{"level":"error","message":"Authorization token does not exist.","timestamp":"2014-08-21T03:48:12.247Z"}
{"level":"error","message":"Authentication token does not match.","timestamp":"2014-08-21T03:48:12.896Z"}
{"level":"error","message":"Authorization token does not exist.","timestamp":"2014-08-21T03:48:21.621Z"}
{"level":"error","message":"Authentication token does not match.","timestamp":"2014-08-21T03:48:22.243Z"}
{"level":"error","message":"Authentication token does not match.","timestamp":"2014-08-21T03:48:29.352Z"}
{"level":"info","message":"logging in","timestamp":"2014-08-21T03:48:50.344Z"}
{"level":"info","message":"something","timestamp":"2014-08-21T03:48:50.344Z"}
{"level":"info","message":"validating user","timestamp":"2014-08-21T03:48:50.345Z"}
{"level":"info","message":"trying to authenticate","timestamp":"2014-08-21T03:48:50.411Z"}
{"level":"info","message":"successfully logged in","timestamp":"2014-08-21T03:48:50.411Z"}
{"level":"info","message":"generating token","timestamp":"2014-08-21T03:48:50.412Z"}
{"level":"info","message":"user id is 53f34dec0e0ab0382f000003","timestamp":"2014-08-21T03:48:50.412Z"}
{"level":"info","message":"token will expire at 1408593230","timestamp":"2014-08-21T03:48:50.412Z"}
{"level":"info","message":"Successfully authenticated via token.","timestamp":"2014-08-21T03:48:50.426Z"}
{"level":"info","message":"successfully connected to socket","timestamp":"2014-08-21T03:48:51.438Z"}
{"level":"info","message":"starting torrent loop","timestamp":"2014-08-21T03:48:51.439Z"}
{"level":"info","message":"Client's IP Address is: 127.0.0.1","timestamp":"2014-08-21T03:49:20.368Z"}
{"level":"info","message":"Checking if authenticated.","timestamp":"2014-08-21T03:49:20.368Z"}
{"level":"info","message":"Authenticated via token.","timestamp":"2014-08-21T03:49:20.368Z"}
{"level":"info","message":"successfully retrieved rss feeds","timestamp":"2014-08-21T03:49:20.370Z"}
{"level":"info","message":"logging in","timestamp":"2014-08-21T03:49:45.274Z"}
{"level":"info","message":"something","timestamp":"2014-08-21T03:49:45.274Z"}
{"level":"info","message":"validating user","timestamp":"2014-08-21T03:49:45.275Z"}
{"level":"info","message":"trying to authenticate","timestamp":"2014-08-21T03:49:45.338Z"}
{"level":"info","message":"successfully logged in","timestamp":"2014-08-21T03:49:45.339Z"}
{"level":"info","message":"generating token","timestamp":"2014-08-21T03:49:45.339Z"}
{"level":"info","message":"user id is 53f34dec0e0ab0382f000003","timestamp":"2014-08-21T03:49:45.339Z"}
{"level":"info","message":"token will expire at 1408593285","timestamp":"2014-08-21T03:49:45.339Z"}
{"level":"info","message":"Successfully authenticated via token.","timestamp":"2014-08-21T03:49:45.350Z"}
{"level":"info","message":"successfully connected to socket","timestamp":"2014-08-21T03:49:46.396Z"}
{"level":"info","message":"logging in","timestamp":"2014-08-21T03:49:56.187Z"}
{"level":"info","message":"something","timestamp":"2014-08-21T03:49:56.188Z"}
{"level":"info","message":"validating user","timestamp":"2014-08-21T03:49:56.188Z"}
{"level":"info","message":"trying to authenticate","timestamp":"2014-08-21T03:49:56.253Z"}
{"level":"info","message":"successfully logged in","timestamp":"2014-08-21T03:49:56.254Z"}
{"level":"info","message":"generating token","timestamp":"2014-08-21T03:49:56.254Z"}
{"level":"info","message":"user id is 53f34dec0e0ab0382f000003","timestamp":"2014-08-21T03:49:56.254Z"}
{"level":"info","message":"token will expire at 1408593296","timestamp":"2014-08-21T03:49:56.254Z"}
{"level":"info","message":"Successfully authenticated via token.","timestamp":"2014-08-21T03:49:56.265Z"}
{"level":"info","message":"successfully connected to socket","timestamp":"2014-08-21T03:49:57.292Z"}
{"level":"info","message":"Client's IP Address is: 127.0.0.1","timestamp":"2014-08-21T03:50:03.309Z"}
{"level":"info","message":"Checking if authenticated.","timestamp":"2014-08-21T03:50:03.309Z"}
{"level":"info","message":"Authenticated via token.","timestamp":"2014-08-21T03:50:03.309Z"}
{"level":"info","message":"successfully retrieved rss feeds","timestamp":"2014-08-21T03:50:03.310Z"}
{"level":"info","message":"Successfully authenticated via token.","timestamp":"2014-08-21T03:50:06.139Z"}
{"level":"info","message":"Successfully authenticated via token.","timestamp":"2014-08-21T03:50:29.241Z"}
{"level":"info","message":"successfully connected to socket","timestamp":"2014-08-21T03:50:30.449Z"}
{"level":"info","message":"Client's IP Address is: 127.0.0.1","timestamp":"2014-08-21T03:50:31.965Z"}
{"level":"info","message":"Checking if authenticated.","timestamp":"2014-08-21T03:50:31.965Z"}
{"level":"info","message":"Authenticated via token.","timestamp":"2014-08-21T03:50:31.966Z"}
{"level":"info","message":"successfully retrieved rss feeds","timestamp":"2014-08-21T03:50:31.966Z"}
{"level":"info","message":"Client's IP Address is: 127.0.0.1","timestamp":"2014-08-21T03:50:34.279Z"}
{"level":"info","message":"Checking if authenticated.","timestamp":"2014-08-21T03:50:34.279Z"}
{"level":"info","message":"Authenticated via token.","timestamp":"2014-08-21T03:50:34.279Z"}
{"level":"info","message":"successfully retrieved rss feeds","timestamp":"2014-08-21T03:50:34.280Z"}
{"level":"info","message":"Client's IP Address is: 127.0.0.1","timestamp":"2014-08-21T03:50:52.983Z"}
{"level":"info","message":"Checking if authenticated.","timestamp":"2014-08-21T03:50:52.983Z"}
{"level":"info","message":"Authenticated via token.","timestamp":"2014-08-21T03:50:52.983Z"}
{"level":"info","message":"successfully retrieved rss feeds","timestamp":"2014-08-21T03:50:52.984Z"}
{"level":"info","message":"user disconnected","timestamp":"2014-08-21T03:50:59.859Z"}
{"level":"info","message":"Client's IP Address is: 127.0.0.1","timestamp":"2014-08-21T03:51:33.796Z"}
{"level":"info","message":"Checking if authenticated.","timestamp":"2014-08-21T03:51:33.796Z"}
{"level":"info","message":"Authenticated via token.","timestamp":"2014-08-21T03:51:33.796Z"}
{"level":"info","message":"successfully retrieved rss feeds","timestamp":"2014-08-21T03:51:33.797Z"}
{"level":"info","message":"Client's IP Address is: 127.0.0.1","timestamp":"2014-08-21T03:51:35.124Z"}
{"level":"info","message":"Checking if authenticated.","timestamp":"2014-08-21T03:51:35.125Z"}
{"level":"info","message":"Authenticated via token.","timestamp":"2014-08-21T03:51:35.125Z"}
{"level":"info","message":"successfully retrieved rss feeds","timestamp":"2014-08-21T03:51:35.125Z"}
{"level":"error","message":"Authorization token does not exist.","timestamp":"2014-08-21T03:54:52.894Z"}
{"level":"info","message":"user disconnected","timestamp":"2014-08-21T03:54:52.903Z"}
{"level":"info","message":"user disconnected","timestamp":"2014-08-21T03:54:52.912Z"}
{"level":"info","message":"user disconnected","timestamp":"2014-08-21T03:54:52.924Z"}
{"level":"info","message":"Successfully authenticated via token.","timestamp":"2014-08-21T03:54:53.895Z"}
{"level":"info","message":"stopping torrent loop","timestamp":"2014-08-21T03:54:54.660Z"}
{"level":"info","message":"waiting on connection","timestamp":"2014-08-21T03:54:54.660Z"}
{"level":"info","message":"successfully connected to socket","timestamp":"2014-08-21T03:54:55.114Z"}
{"level":"info","message":"starting torrent loop","timestamp":"2014-08-21T03:54:55.114Z"}
{"level":"info","message":"logging in","timestamp":"2014-08-21T03:55:03.085Z"}
{"level":"info","message":"trying to authenticate","timestamp":"2014-08-21T03:55:03.086Z"}
{"level":"error","message":"user doesnt exist","timestamp":"2014-08-21T03:55:03.086Z"}
{"level":"info","message":"logging in","timestamp":"2014-08-21T04:00:29.027Z"}
{"level":"info","message":"something","timestamp":"2014-08-21T04:00:29.027Z"}
{"level":"info","message":"validating user","timestamp":"2014-08-21T04:00:29.028Z"}
{"level":"info","message":"trying to authenticate","timestamp":"2014-08-21T04:00:29.090Z"}
{"level":"info","message":"successfully logged in","timestamp":"2014-08-21T04:00:29.090Z"}
{"level":"info","message":"generating token","timestamp":"2014-08-21T04:00:29.091Z"}
{"level":"info","message":"user id is 53f34dec0e0ab0382f000003","timestamp":"2014-08-21T04:00:29.091Z"}
{"level":"info","message":"token will expire at 1408593929","timestamp":"2014-08-21T04:00:29.091Z"}
{"level":"info","message":"Successfully authenticated via token.","timestamp":"2014-08-21T04:00:29.107Z"}
{"level":"info","message":"successfully connected to socket","timestamp":"2014-08-21T04:00:30.144Z"}
{"level":"info","message":"Client's IP Address is: 127.0.0.1","timestamp":"2014-08-21T04:00:51.407Z"}
{"level":"info","message":"Checking if authenticated.","timestamp":"2014-08-21T04:00:51.408Z"}
{"level":"info","message":"Authenticated via token.","timestamp":"2014-08-21T04:00:51.409Z"}
{"level":"info","message":"successfully retrieved rss feeds","timestamp":"2014-08-21T04:00:51.410Z"}
{"level":"info","message":"user disconnected","timestamp":"2014-08-21T04:35:05.054Z"}
{"level":"info","message":"user disconnected","timestamp":"2014-08-21T04:35:05.063Z"}
{"level":"info","message":"Successfully authenticated via token.","timestamp":"2014-08-21T04:35:05.738Z"}
{"level":"info","message":"stopping torrent loop","timestamp":"2014-08-21T04:35:06.814Z"}
{"level":"info","message":"waiting on connection","timestamp":"2014-08-21T04:35:06.814Z"}
{"level":"info","message":"successfully connected to socket","timestamp":"2014-08-21T04:35:06.954Z"}
{"level":"info","message":"starting torrent loop","timestamp":"2014-08-21T04:35:06.955Z"}
{"level":"info","message":"Successfully authenticated via token.","timestamp":"2014-08-21T04:35:11.838Z"}
{"level":"info","message":"logging in","timestamp":"2014-08-21T04:35:15.843Z"}
{"level":"info","message":"trying to authenticate","timestamp":"2014-08-21T04:35:15.844Z"}
{"level":"error","message":"user doesnt exist","timestamp":"2014-08-21T04:35:15.844Z"}
{"level":"info","message":"user disconnected","timestamp":"2014-08-21T04:35:55.698Z"}
{"level":"info","message":"Successfully authenticated via token.","timestamp":"2014-08-21T04:35:56.456Z"}
{"level":"info","message":"stopping torrent loop","timestamp":"2014-08-21T04:35:57.113Z"}
{"level":"info","message":"waiting on connection","timestamp":"2014-08-21T04:35:57.113Z"}
{"level":"info","message":"successfully connected to socket","timestamp":"2014-08-21T04:35:57.678Z"}
{"level":"info","message":"starting torrent loop","timestamp":"2014-08-21T04:35:57.679Z"}
{"level":"info","message":"Successfully authenticated via token.","timestamp":"2014-08-21T04:36:00.803Z"}
{"level":"info","message":"logging in","timestamp":"2014-08-21T04:36:03.475Z"}
{"level":"info","message":"trying to authenticate","timestamp":"2014-08-21T04:36:03.475Z"}
{"level":"error","message":"user doesnt exist","timestamp":"2014-08-21T04:36:03.475Z"}
{"level":"info","message":"user disconnected","timestamp":"2014-08-21T04:37:36.088Z"}
{"level":"info","message":"Successfully authenticated via token.","timestamp":"2014-08-21T04:37:36.743Z"}
{"level":"info","message":"stopping torrent loop","timestamp":"2014-08-21T04:37:38.060Z"}
{"level":"info","message":"waiting on connection","timestamp":"2014-08-21T04:37:38.060Z"}
{"level":"info","message":"successfully connected to socket","timestamp":"2014-08-21T04:37:38.073Z"}
{"level":"info","message":"starting torrent loop","timestamp":"2014-08-21T04:37:38.073Z"}
{"level":"info","message":"Successfully authenticated via token.","timestamp":"2014-08-21T04:37:46.009Z"}
{"level":"info","message":"logging in","timestamp":"2014-08-21T04:37:48.788Z"}
{"level":"info","message":"trying to authenticate","timestamp":"2014-08-21T04:37:48.789Z"}
{"level":"error","message":"user doesnt exist","timestamp":"2014-08-21T04:37:48.789Z"}
{"level":"info","message":"user disconnected","timestamp":"2014-08-21T04:39:00.523Z"}
{"level":"info","message":"Successfully authenticated via token.","timestamp":"2014-08-21T04:39:01.123Z"}
{"level":"info","message":"successfully connected to socket","timestamp":"2014-08-21T04:39:02.352Z"}
{"level":"info","message":"Successfully authenticated via token.","timestamp":"2014-08-21T04:39:04.563Z"}
{"level":"info","message":"logging in","timestamp":"2014-08-21T04:39:06.594Z"}
{"level":"info","message":"trying to authenticate","timestamp":"2014-08-21T04:39:06.595Z"}
{"level":"error","message":"user doesnt exist","timestamp":"2014-08-21T04:39:06.595Z"}
{"level":"info","message":"user disconnected","timestamp":"2014-08-21T04:39:41.538Z"}
{"level":"info","message":"Successfully authenticated via token.","timestamp":"2014-08-21T04:39:42.217Z"}
{"level":"info","message":"stopping torrent loop","timestamp":"2014-08-21T04:39:42.551Z"}
{"level":"info","message":"waiting on connection","timestamp":"2014-08-21T04:39:42.551Z"}
{"level":"info","message":"successfully connected to socket","timestamp":"2014-08-21T04:39:43.464Z"}
{"level":"info","message":"starting torrent loop","timestamp":"2014-08-21T04:39:43.464Z"}
{"level":"info","message":"Successfully authenticated via token.","timestamp":"2014-08-21T04:39:45.790Z"}
{"level":"info","message":"logging in","timestamp":"2014-08-21T04:39:47.541Z"}
{"level":"info","message":"trying to authenticate","timestamp":"2014-08-21T04:39:47.541Z"}
{"level":"error","message":"user doesnt exist","timestamp":"2014-08-21T04:39:47.541Z"}
{"level":"error","message":"","timestamp":"2014-08-21T05:14:21.599Z"}
{"level":"error","message":"","timestamp":"2014-08-21T05:20:46.865Z"}
{"level":"error","message":"","timestamp":"2014-08-21T09:08:46.172Z"}
{"level":"error","message":"","timestamp":"2014-08-21T09:10:50.563Z"}
{"level":"error","message":"","timestamp":"2014-08-21T09:16:13.666Z"}
{"level":"error","message":"","timestamp":"2014-08-21T13:03:05.450Z"}
{"level":"error","message":"","timestamp":"2014-08-21T13:05:09.861Z"}
{"level":"error","message":"","timestamp":"2014-08-21T13:09:30.741Z"}
{"level":"error","message":"","timestamp":"2014-08-21T16:56:12.413Z"}
{"level":"error","message":"","timestamp":"2014-08-21T16:56:14.359Z"}
{"level":"error","message":"","timestamp":"2014-08-21T16:56:16.431Z"}
{"level":"error","message":"","timestamp":"2014-08-21T16:58:18.771Z"}
{"level":"error","message":"","timestamp":"2014-08-21T17:02:39.608Z"}
{"level":"error","message":"","timestamp":"2014-08-21T20:52:25.945Z"}
{"level":"error","message":"","timestamp":"2014-08-21T20:57:06.817Z"}
